<?xml version="1.0" encoding="UTF-8"?>
<testsuite xmlns:xsi="http://www.w3.org/2001/XMLSchema-instance" xsi:noNamespaceSchemaLocation="https://maven.apache.org/surefire/maven-surefire-plugin/xsd/surefire-test-report-3.0.xsd" version="3.0" name="eu.tscnet.com.auth.service.AuthorizationServiceTest" time="0.103" tests="4" errors="0" skipped="0" failures="0">
  <properties>
[...]
</properties>
  <testcase name="deniesRequestWhenRoleIsMissing" classname="eu.tscnet.com.auth.service.AuthorizationServiceTest" time="0.046">
    <system-out><![CDATA[21:34:34.445 [main] INFO eu.tscnet.com.auth.service.AuthorizationService -- Authorization check for subject=user-1 tenant=egm method=POST path=/api/auth/admin/users allowed=false
]]></system-out>
  </testcase>
  <testcase name="deniesRequestWhenBearerTokenIsMissing" classname="eu.tscnet.com.auth.service.AuthorizationServiceTest" time="0.0"/>
  <testcase name="deniesRequestWhenTenantDoesNotMatchToken" classname="eu.tscnet.com.auth.service.AuthorizationServiceTest" time="0.001">
    <system-out><![CDATA[21:34:34.474 [main] INFO eu.tscnet.com.auth.service.AuthorizationService -- Authorization check for subject=user-1 tenant=egm method=GET path=/api/cgm/imports allowed=false
]]></system-out>
  </testcase>
  <testcase name="allowsRequestWhenRequiredRoleAndScopeExist" classname="eu.tscnet.com.auth.service.AuthorizationServiceTest" time="0.005">
    <system-out><![CDATA[21:34:34.476 [main] INFO eu.tscnet.com.auth.service.AuthorizationService -- Authorization check for subject=user-1 tenant=egm method=GET path=/api/cgm/imports allowed=true
]]></system-out>
  </testcase>
</testsuite>